TN:
SF:src/App.tsx
FN:3,App
FNF:1
FNH:1
FNDA:3,App
DA:1,1
DA:2,1
DA:3,1
DA:4,3
DA:5,3
DA:6,3
DA:7,3
DA:8,3
DA:9,3
LF:9
LH:9
BRDA:3,0,0,3
BRF:1
BRH:1
end_of_record
TN:
SF:src/components/Header/index.tsx
FN:4,Header
FNF:1
FNH:1
FNDA:7,Header
DA:1,1
DA:2,1
DA:3,1
DA:4,1
DA:5,7
DA:6,7
DA:7,7
DA:8,7
DA:9,7
DA:10,7
DA:11,7
LF:11
LH:11
BRDA:4,0,0,7
BRF:1
BRH:1
end_of_record
TN:
SF:src/pages/Home/index.tsx
FN:3,PageHome
FNF:1
FNH:1
FNDA:5,PageHome
DA:1,1
DA:2,1
DA:3,1
DA:4,5
DA:5,5
DA:6,5
DA:7,5
DA:8,5
DA:9,5
LF:9
LH:9
BRDA:3,0,0,5
BRF:1
BRH:1
end_of_record
